<?xml version="1.0" encoding="UTF-8"?>
<coverage generated="1664268034991" clover="3.2.0">
  <project timestamp="1664268034991" name="All files">
    <metrics statements="7" coveredstatements="7" conditionals="0" coveredconditionals="0" methods="3" coveredmethods="3" elements="10" coveredelements="10" complexity="0" loc="7" ncloc="7" packages="1" files="1" classes="1"/>
    <file name="area.js" path="D:\Documents\Personal\School\Year 2\User Value Exploration\Continuous Integration\CIN-Portfolio\area.js">
      <metrics statements="7" coveredstatements="7" conditionals="0" coveredconditionals="0" methods="3" coveredmethods="3"/>
      <line num="1" count="1" type="stmt"/>
      <line num="2" count="1" type="stmt"/>
      <line num="5" count="1" type="stmt"/>
      <line num="6" count="1" type="stmt"/>
      <line num="9" count="1" type="stmt"/>
      <line num="10" count="1" type="stmt"/>
      <line num="13" count="1" type="stmt"/>
    </file>
  </project>
</coverage>
